<?xml version="1.0" encoding="UTF-8"?>
<!-- Generated by org.testng.reporters.JUnitReportReporter -->
<testsuite skipped="16" hostname="DESKTOP-DG4NUTJ" name="FlushTestcases.Homepagetestcases" tests="17" failures="0" timestamp="2022-03-23T14:08:40 IST" time="96.500" errors="0">
  <testcase name="ChangingUserName" time="96.500" classname="FlushTestcases.Homepagetestcases"/>
  <system-out/>
  <testcase name="statisticsPageTabchecking" classname="FlushTestcases.Homepagetestcases">
    <skipped/>
  </testcase> <!-- statisticsPageTabchecking -->
  <system-out/>
  <testcase name="Transaction" classname="FlushTestcases.Homepagetestcases">
    <skipped/>
  </testcase> <!-- Transaction -->
  <system-out/>
  <testcase name="cashier" classname="FlushTestcases.Homepagetestcases">
    <skipped/>
  </testcase> <!-- cashier -->
  <system-out/>
  <testcase name="Logout" classname="FlushTestcases.Homepagetestcases">
    <skipped/>
  </testcase> <!-- Logout -->
  <system-out/>
  <testcase name="walletbalancelist" classname="FlushTestcases.Homepagetestcases">
    <skipped/>
  </testcase> <!-- walletbalancelist -->
  <system-out/>
  <testcase name="dropoptionschecking" classname="FlushTestcases.Homepagetestcases">
    <skipped/>
  </testcase> <!-- dropoptionschecking -->
  <system-out/>
  <testcase name="Settings" classname="FlushTestcases.Homepagetestcases">
    <skipped/>
  </testcase> <!-- Settings -->
  <system-out/>
  <testcase name="dicegamebet" classname="FlushTestcases.Homepagetestcases">
    <skipped/>
  </testcase> <!-- dicegamebet -->
  <system-out/>
  <testcase name="VIP" classname="FlushTestcases.Homepagetestcases">
    <skipped/>
  </testcase> <!-- VIP -->
  <system-out/>
  <testcase name="changepassword" classname="FlushTestcases.Homepagetestcases">
    <skipped/>
  </testcase> <!-- changepassword -->
  <system-out/>
  <testcase name="TransactionPageTabChecking" classname="FlushTestcases.Homepagetestcases">
    <skipped/>
  </testcase> <!-- TransactionPageTabChecking -->
  <system-out/>
  <testcase name="oldpasswordincorrect" classname="FlushTestcases.Homepagetestcases">
    <skipped/>
  </testcase> <!-- oldpasswordincorrect -->
  <system-out/>
  <testcase name="Passwordnotmatch" classname="FlushTestcases.Homepagetestcases">
    <skipped/>
  </testcase> <!-- Passwordnotmatch -->
  <system-out/>
  <testcase name="passwordcancel" classname="FlushTestcases.Homepagetestcases">
    <skipped/>
  </testcase> <!-- passwordcancel -->
  <system-out/>
  <testcase name="Login" classname="FlushTestcases.Homepagetestcases">
    <skipped/>
  </testcase> <!-- Login -->
  <system-out/>
  <testcase name="Statistics" classname="FlushTestcases.Homepagetestcases">
    <skipped/>
  </testcase> <!-- Statistics -->
  <system-out/>
</testsuite> <!-- FlushTestcases.Homepagetestcases -->
