<?xml version="1.0" encoding="UTF-8"?>
<!-- Generated by org.testng.reporters.JUnitReportReporter -->
<testsuite skipped="11" hostname="DESKTOP-DG4NUTJ" name="FlushTestcases.Logintestcases" tests="12" failures="0" timestamp="2022-03-24T15:57:31 IST" time="87.436" errors="0">
  <testcase name="LoginWelcomeregistration" time="87.436" classname="FlushTestcases.Logintestcases"/>
  <system-out/>
  <testcase name="JoinWithYourEmailLogin" classname="FlushTestcases.Logintestcases">
    <skipped/>
  </testcase> <!-- JoinWithYourEmailLogin -->
  <system-out/>
  <testcase name="LoginWelcomeForgotPassword" classname="FlushTestcases.Logintestcases">
    <skipped/>
  </testcase> <!-- LoginWelcomeForgotPassword -->
  <system-out/>
  <testcase name="Joinwithyouremail" classname="FlushTestcases.Logintestcases">
    <skipped/>
  </testcase> <!-- Joinwithyouremail -->
  <system-out/>
  <testcase name="JoinEmailLoginGoogle" classname="FlushTestcases.Logintestcases">
    <skipped/>
  </testcase> <!-- JoinEmailLoginGoogle -->
  <system-out/>
  <testcase name="PasswordRecoveryBackToLogin" classname="FlushTestcases.Logintestcases">
    <skipped/>
  </testcase> <!-- PasswordRecoveryBackToLogin -->
  <system-out/>
  <testcase name="SignupLog" classname="FlushTestcases.Logintestcases">
    <skipped/>
  </testcase> <!-- SignupLog -->
  <system-out/>
  <testcase name="LoginWelcomegoogle" classname="FlushTestcases.Logintestcases">
    <skipped/>
  </testcase> <!-- LoginWelcomegoogle -->
  <system-out/>
  <testcase name="WelcomeLogin" classname="FlushTestcases.Logintestcases">
    <skipped/>
  </testcase> <!-- WelcomeLogin -->
  <system-out/>
  <testcase name="NormaluserLogin" classname="FlushTestcases.Logintestcases">
    <skipped/>
  </testcase> <!-- NormaluserLogin -->
  <system-out/>
  <testcase name="Adminlogin" classname="FlushTestcases.Logintestcases">
    <skipped/>
  </testcase> <!-- Adminlogin -->
  <system-out/>
  <testcase name="Signup" classname="FlushTestcases.Logintestcases">
    <skipped/>
  </testcase> <!-- Signup -->
  <system-out/>
</testsuite> <!-- FlushTestcases.Logintestcases -->
