<?xml version="1.0" encoding="UTF-8"?>
<!-- Generated by org.testng.reporters.JUnitReportReporter -->
<testsuite skipped="15" hostname="DESKTOP-DG4NUTJ" name="FlushTestcases.Logintestcases" tests="16" failures="0" timestamp="2022-03-27T10:22:56 IST" time="53.938" errors="0">
  <testcase name="WelcomeLogin" time="53.938" classname="FlushTestcases.Logintestcases"/>
  <system-out/>
  <testcase name="JoinWithYourEmailLogin" classname="FlushTestcases.Logintestcases">
    <skipped/>
  </testcase> <!-- JoinWithYourEmailLogin -->
  <system-out/>
  <testcase name="SignupLog" classname="FlushTestcases.Logintestcases">
    <skipped/>
  </testcase> <!-- SignupLog -->
  <system-out/>
  <testcase name="LoginWelcomeregistration" classname="FlushTestcases.Logintestcases">
    <skipped/>
  </testcase> <!-- LoginWelcomeregistration -->
  <system-out/>
  <testcase name="JoinEmailLoginGoogle" classname="FlushTestcases.Logintestcases">
    <skipped/>
  </testcase> <!-- JoinEmailLoginGoogle -->
  <system-out/>
  <testcase name="CrashGameLogin" classname="FlushTestcases.Logintestcases">
    <skipped/>
  </testcase> <!-- CrashGameLogin -->
  <system-out/>
  <testcase name="NormaluserLogin" classname="FlushTestcases.Logintestcases">
    <skipped/>
  </testcase> <!-- NormaluserLogin -->
  <system-out/>
  <testcase name="Joinwithyouremail" classname="FlushTestcases.Logintestcases">
    <skipped/>
  </testcase> <!-- Joinwithyouremail -->
  <system-out/>
  <testcase name="GameWheel" classname="FlushTestcases.Logintestcases">
    <skipped/>
  </testcase> <!-- GameWheel -->
  <system-out/>
  <testcase name="Gamecrash" classname="FlushTestcases.Logintestcases">
    <skipped/>
  </testcase> <!-- Gamecrash -->
  <system-out/>
  <testcase name="Signup" classname="FlushTestcases.Logintestcases">
    <skipped/>
  </testcase> <!-- Signup -->
  <system-out/>
  <testcase name="LoginWelcomeForgotPassword" classname="FlushTestcases.Logintestcases">
    <skipped/>
  </testcase> <!-- LoginWelcomeForgotPassword -->
  <system-out/>
  <testcase name="PasswordRecoveryBackToLogin" classname="FlushTestcases.Logintestcases">
    <skipped/>
  </testcase> <!-- PasswordRecoveryBackToLogin -->
  <system-out/>
  <testcase name="GameMines" classname="FlushTestcases.Logintestcases">
    <skipped/>
  </testcase> <!-- GameMines -->
  <system-out/>
  <testcase name="Adminlogin" classname="FlushTestcases.Logintestcases">
    <skipped/>
  </testcase> <!-- Adminlogin -->
  <system-out/>
  <testcase name="LoginWelcomegoogle" classname="FlushTestcases.Logintestcases">
    <skipped/>
  </testcase> <!-- LoginWelcomegoogle -->
  <system-out/>
</testsuite> <!-- FlushTestcases.Logintestcases -->
